<?xml version="1.0" encoding="UTF-8"?>
<!-- Generated by org.testng.reporters.JUnitReportReporter -->
<testsuite hostname="LAPTOP-BJUBRTM4" failures="0" tests="3" name="testCases.TC05_CompletePurchase" time="224.636" errors="0" timestamp="2025-02-14T15:08:05 EST" skipped="0">
  <testcase classname="testCases.TC05_CompletePurchase" name="testCompletePurchase" time="74.875"/>
  <testcase classname="testCases.TC05_CompletePurchase" name="testCompletePurchase" time="76.262"/>
  <testcase classname="testCases.TC05_CompletePurchase" name="testCompletePurchase" time="73.499"/>
</testsuite> <!-- testCases.TC05_CompletePurchase -->
