<?xml version="1.0" encoding="UTF-8"?>
<!-- Generated by org.testng.reporters.JUnitReportReporter -->
<testsuite hostname="LAPTOP-BJUBRTM4" failures="0" tests="3" name="testCases.TC04_AddtoWishlist" time="8.888" errors="0" timestamp="2025-02-14T15:08:05 EST" skipped="0">
  <testcase classname="testCases.TC04_AddtoWishlist" name="testWishlist" time="2.695"/>
  <testcase classname="testCases.TC04_AddtoWishlist" name="testWishlist" time="2.642"/>
  <testcase classname="testCases.TC04_AddtoWishlist" name="testWishlist" time="3.551"/>
</testsuite> <!-- testCases.TC04_AddtoWishlist -->
