<?xml version="1.0" encoding="UTF-8"?>
<!-- Generated by org.testng.reporters.JUnitReportReporter -->
<testsuite hostname="LAPTOP-BJUBRTM4" failures="0" tests="1" name="testCases.TC03_AddtoCartTest" time="4.151" errors="0" timestamp="2025-02-06T19:00:24 EST" skipped="0">
  <testcase classname="testCases.TC03_AddtoCartTest" name="testAddCart" time="4.151"/>
</testsuite> <!-- testCases.TC03_AddtoCartTest -->
