<?xml version="1.0" encoding="UTF-8"?>
<!-- Generated by org.testng.reporters.JUnitReportReporter -->
<testsuite hostname="LAPTOP-BJUBRTM4" failures="0" tests="15" name="testCases.TC02_Login" time="59.694" errors="0" timestamp="2025-02-14T15:08:05 EST" skipped="0">
  <testcase classname="testCases.TC02_Login" name="testLogin" time="5.434"/>
  <testcase classname="testCases.TC02_Login" name="testLogin" time="3.951"/>
  <testcase classname="testCases.TC02_Login" name="testLogin" time="3.249"/>
  <testcase classname="testCases.TC02_Login" name="testLogin" time="3.244"/>
  <testcase classname="testCases.TC02_Login" name="testLogin" time="4.673"/>
  <testcase classname="testCases.TC02_Login" name="testLogin" time="4.738"/>
  <testcase classname="testCases.TC02_Login" name="testLogin" time="2.872"/>
  <testcase classname="testCases.TC02_Login" name="testLogin" time="2.859"/>
  <testcase classname="testCases.TC02_Login" name="testLogin" time="3.753"/>
  <testcase classname="testCases.TC02_Login" name="testLogin" time="4.308"/>
  <testcase classname="testCases.TC02_Login" name="testLogin" time="3.692"/>
  <testcase classname="testCases.TC02_Login" name="testLogin" time="4.268"/>
  <testcase classname="testCases.TC02_Login" name="testLogin" time="3.814"/>
  <testcase classname="testCases.TC02_Login" name="testLogin" time="4.743"/>
  <testcase classname="testCases.TC02_Login" name="testLogin" time="4.096"/>
</testsuite> <!-- testCases.TC02_Login -->
