<?xml version="1.0" encoding="UTF-8"?>
<!-- Generated by org.testng.reporters.JUnitReportReporter -->
<testsuite hostname="LAPTOP-BJUBRTM4" failures="0" tests="3" name="testCases.TC01_LaunchApplication" time="0.333" errors="0" timestamp="2025-02-14T15:08:05 EST" skipped="0">
  <testcase classname="testCases.TC01_LaunchApplication" name="testLaunchApplication" time="0.074"/>
  <testcase classname="testCases.TC01_LaunchApplication" name="testLaunchApplication" time="0.084"/>
  <testcase classname="testCases.TC01_LaunchApplication" name="testLaunchApplication" time="0.175"/>
</testsuite> <!-- testCases.TC01_LaunchApplication -->
