<?xml version="1.0" encoding="UTF-8"?>
<!-- Generated by org.testng.reporters.JUnitReportReporter -->
<testsuite hostname="LAPTOP-BJUBRTM4" failures="0" tests="3" name="testCases.TC03_AddtoCart" time="12.488" errors="0" timestamp="2025-02-14T15:08:05 EST" skipped="0">
  <testcase classname="testCases.TC03_AddtoCart" name="testAddCart" time="2.912"/>
  <testcase classname="testCases.TC03_AddtoCart" name="testAddCart" time="4.272"/>
  <testcase classname="testCases.TC03_AddtoCart" name="testAddCart" time="5.304"/>
</testsuite> <!-- testCases.TC03_AddtoCart -->
