<?xml version="1.0" encoding="UTF-8"?>
<!-- Generated by org.testng.reporters.JUnitReportReporter -->
<testsuite hostname="LAPTOP-BJUBRTM4" failures="0" tests="3" name="testCases.TC04_AddtoWishlist" time="8.314" errors="0" timestamp="2025-02-18T18:40:58 EST" skipped="0">
  <testcase classname="testCases.TC04_AddtoWishlist" name="testWishlist" time="1.863"/>
  <testcase classname="testCases.TC04_AddtoWishlist" name="testWishlist" time="3.253"/>
  <testcase classname="testCases.TC04_AddtoWishlist" name="testWishlist" time="3.198"/>
</testsuite> <!-- testCases.TC04_AddtoWishlist -->
