<?xml version="1.0" encoding="UTF-8"?>
<!-- Generated by org.testng.reporters.JUnitReportReporter -->
<testsuite hostname="LAPTOP-BJUBRTM4" failures="0" tests="3" name="testCases.TC03_AddtoCart" time="10.953" errors="0" timestamp="2025-02-18T18:40:58 EST" skipped="0">
  <testcase classname="testCases.TC03_AddtoCart" name="testAddCart" time="3.193"/>
  <testcase classname="testCases.TC03_AddtoCart" name="testAddCart" time="4.073"/>
  <testcase classname="testCases.TC03_AddtoCart" name="testAddCart" time="3.687"/>
</testsuite> <!-- testCases.TC03_AddtoCart -->
