<?xml version="1.0" encoding="UTF-8"?>
<!-- Generated by org.testng.reporters.JUnitReportReporter -->
<testsuite hostname="LAPTOP-BJUBRTM4" failures="0" tests="3" name="testCases.TC06_GiftCertificate" time="9.676" errors="0" timestamp="2025-02-18T18:40:58 EST" skipped="0">
  <testcase classname="testCases.TC06_GiftCertificate" name="testGiftCertificate" time="3.403"/>
  <testcase classname="testCases.TC06_GiftCertificate" name="testGiftCertificate" time="3.357"/>
  <testcase classname="testCases.TC06_GiftCertificate" name="testGiftCertificate" time="2.916"/>
</testsuite> <!-- testCases.TC06_GiftCertificate -->
