<?xml version="1.0" encoding="UTF-8"?>
<!-- Generated by org.testng.reporters.JUnitReportReporter -->
<testsuite hostname="LAPTOP-BJUBRTM4" failures="0" tests="15" name="testCases.TC02_Login" time="61.576" errors="0" timestamp="2025-02-18T18:40:58 EST" skipped="0">
  <testcase classname="testCases.TC02_Login" name="testLogin" time="3.555"/>
  <testcase classname="testCases.TC02_Login" name="testLogin" time="4.229"/>
  <testcase classname="testCases.TC02_Login" name="testLogin" time="4.022"/>
  <testcase classname="testCases.TC02_Login" name="testLogin" time="4.266"/>
  <testcase classname="testCases.TC02_Login" name="testLogin" time="5.018"/>
  <testcase classname="testCases.TC02_Login" name="testLogin" time="3.883"/>
  <testcase classname="testCases.TC02_Login" name="testLogin" time="3.828"/>
  <testcase classname="testCases.TC02_Login" name="testLogin" time="4.094"/>
  <testcase classname="testCases.TC02_Login" name="testLogin" time="4.598"/>
  <testcase classname="testCases.TC02_Login" name="testLogin" time="4.100"/>
  <testcase classname="testCases.TC02_Login" name="testLogin" time="5.232"/>
  <testcase classname="testCases.TC02_Login" name="testLogin" time="3.291"/>
  <testcase classname="testCases.TC02_Login" name="testLogin" time="4.986"/>
  <testcase classname="testCases.TC02_Login" name="testLogin" time="3.440"/>
  <testcase classname="testCases.TC02_Login" name="testLogin" time="3.034"/>
</testsuite> <!-- testCases.TC02_Login -->
