<?xml version="1.0" encoding="UTF-8"?>
<!-- Generated by org.testng.reporters.JUnitReportReporter -->
<testsuite hostname="LAPTOP-BJUBRTM4" failures="0" tests="3" name="testCases.TC05_CompletePurchase" time="225.417" errors="0" timestamp="2025-02-18T18:40:58 EST" skipped="0">
  <testcase classname="testCases.TC05_CompletePurchase" name="testCompletePurchase" time="74.492"/>
  <testcase classname="testCases.TC05_CompletePurchase" name="testCompletePurchase" time="73.117"/>
  <testcase classname="testCases.TC05_CompletePurchase" name="testCompletePurchase" time="77.808"/>
</testsuite> <!-- testCases.TC05_CompletePurchase -->
